Using pre-set license
Built from '2020.3/staging' branch; Version is '2020.3.28f1 (f5400f52e03f) revision 16072719'; Using compiler version '192528614'; Build Type 'Release'
OS: 'Windows 10  (10.0.19042) 64bit Professional' Language: 'en' Physical Memory: 16330 MB
BatchMode: 1, IsHumanControllingUs: 0, StartBugReporterOnCrash: 0, Is64bit: 1, IsPro: 0

COMMAND LINE ARGUMENTS:
C:\Users\aaron\OneDrive\Desktop\projects\2020.3.28f1\Editor\Unity.exe
-adb2
-batchMode
-noUpm
-name
AssetImportWorker0
-projectPath
C:/Users/aaron/OneDrive/Documents/GitHub/SurvivalGameThing/Mover Game Thing
-logFile
Logs/AssetImportWorker0.log
-srvPort
54945
Successfully changed project path to: C:/Users/aaron/OneDrive/Documents/GitHub/SurvivalGameThing/Mover Game Thing
C:/Users/aaron/OneDrive/Documents/GitHub/SurvivalGameThing/Mover Game Thing
Using Asset Import Pipeline V2.
Refreshing native plugins compatible for Editor in 72.96 ms, found 2 plugins.
Preloading 0 native plugins for Editor in 0.00 ms.
Initialize engine version: 2020.3.28f1 (f5400f52e03f)
[Subsystems] Discovering subsystems at path C:/Users/aaron/OneDrive/Desktop/projects/2020.3.28f1/Editor/Data/Resources/UnitySubsystems
[Subsystems] Discovering subsystems at path C:/Users/aaron/OneDrive/Documents/GitHub/SurvivalGameThing/Mover Game Thing/Assets
GfxDevice: creating device client; threaded=0
Direct3D:
    Version:  Direct3D 11.0 [level 11.1]
    Renderer: Radeon RX 560 Series (ID=0x67ff)
    Vendor:   
    VRAM:     4075 MB
    Driver:   27.20.15003.5017
Initialize mono
Mono path[0] = 'C:/Users/aaron/OneDrive/Desktop/projects/2020.3.28f1/Editor/Data/Managed'
Mono path[1] = 'C:/Users/aaron/OneDrive/Desktop/projects/2020.3.28f1/Editor/Data/MonoBleedingEdge/lib/mono/unityjit'
Mono config path = 'C:/Users/aaron/OneDrive/Desktop/projects/2020.3.28f1/Editor/Data/MonoBleedingEdge/etc'
Using monoOptions --debugger-agent=transport=dt_socket,embedding=1,server=y,suspend=n,address=127.0.0.1:56076
Begin MonoManager ReloadAssembly
Registering precompiled unity dll's ...
Register platform support module: C:/Users/aaron/OneDrive/Desktop/projects/2020.3.28f1/Editor/Data/PlaybackEngines/WebGLSupport/UnityEditor.WebGL.Extensions.dll
Register platform support module: C:/Users/aaron/OneDrive/Desktop/projects/2020.3.28f1/Editor/Data/PlaybackEngines/MacStandaloneSupport/UnityEditor.OSXStandalone.Extensions.dll
Register platform support module: C:/Users/aaron/OneDrive/Desktop/projects/2020.3.28f1/Editor/Data/PlaybackEngines/WindowsStandaloneSupport/UnityEditor.WindowsStandalone.Extensions.dll
Registered in 0.006621 seconds.
Native extension for WindowsStandalone target not found
Native extension for OSXStandalone target not found
Native extension for WebGL target not found
Refreshing native plugins compatible for Editor in 74.86 ms, found 2 plugins.
Preloading 0 native plugins for Editor in 0.00 ms.
Mono: successfully reloaded assembly
- Completed reload, in  0.924 seconds
Domain Reload Profiling:
	ReloadAssembly (925ms)
		BeginReloadAssembly (99ms)
			ExecutionOrderSort (0ms)
			DisableScriptedObjects (0ms)
			BackupInstance (0ms)
			ReleaseScriptingObjects (0ms)
			CreateAndSetChildDomain (1ms)
		EndReloadAssembly (710ms)
			LoadAssemblies (97ms)
			RebuildTransferFunctionScriptingTraits (0ms)
			SetupTypeCache (211ms)
			ReleaseScriptCaches (0ms)
			RebuildScriptCaches (42ms)
			SetupLoadedEditorAssemblies (294ms)
				LogAssemblyErrors (0ms)
				InitializePlatformSupportModulesInManaged (9ms)
				SetLoadedEditorAssemblies (0ms)
				RefreshPlugins (75ms)
				BeforeProcessingInitializeOnLoad (24ms)
				ProcessInitializeOnLoadAttributes (141ms)
				ProcessInitializeOnLoadMethodAttributes (44ms)
				AfterProcessingInitializeOnLoad (0ms)
				EditorAssembliesLoaded (0ms)
			ExecutionOrderSort2 (0ms)
			AwakeInstancesAfterBackupRestoration (0ms)
Platform modules already initialized, skipping
Registering precompiled user dll's ...
Registered in 0.010673 seconds.
Begin MonoManager ReloadAssembly
Native extension for WindowsStandalone target not found
Native extension for OSXStandalone target not found
Native extension for WebGL target not found
Refreshing native plugins compatible for Editor in 65.54 ms, found 2 plugins.
Preloading 0 native plugins for Editor in 0.00 ms.
Mono: successfully reloaded assembly
- Completed reload, in  1.607 seconds
Domain Reload Profiling:
	ReloadAssembly (1609ms)
		BeginReloadAssembly (222ms)
			ExecutionOrderSort (0ms)
			DisableScriptedObjects (6ms)
			BackupInstance (0ms)
			ReleaseScriptingObjects (0ms)
			CreateAndSetChildDomain (26ms)
		EndReloadAssembly (1299ms)
			LoadAssemblies (164ms)
			RebuildTransferFunctionScriptingTraits (0ms)
			SetupTypeCache (472ms)
			ReleaseScriptCaches (1ms)
			RebuildScriptCaches (69ms)
			SetupLoadedEditorAssemblies (472ms)
				LogAssemblyErrors (0ms)
				InitializePlatformSupportModulesInManaged (7ms)
				SetLoadedEditorAssemblies (0ms)
				RefreshPlugins (66ms)
				BeforeProcessingInitializeOnLoad (122ms)
				ProcessInitializeOnLoadAttributes (248ms)
				ProcessInitializeOnLoadMethodAttributes (13ms)
				AfterProcessingInitializeOnLoad (15ms)
				EditorAssembliesLoaded (0ms)
			ExecutionOrderSort2 (0ms)
			AwakeInstancesAfterBackupRestoration (8ms)
Platform modules already initialized, skipping
========================================================================
Worker process is ready to serve import requests
Launched and connected shader compiler UnityShaderCompiler.exe after 0.08 seconds
Refreshing native plugins compatible for Editor in 0.66 ms, found 2 plugins.
Preloading 0 native plugins for Editor in 0.00 ms.
Unloading 2758 Unused Serialized files (Serialized files now loaded: 0)
System memory in use before: 121.5 MB.
System memory in use after: 121.7 MB.

Unloading 20 unused Assets to reduce memory usage. Loaded Objects now: 3190.
Total: 3.459400 ms (FindLiveObjects: 0.235600 ms CreateObjectMapping: 0.126700 ms MarkObjects: 3.010900 ms  DeleteObjects: 0.085200 ms)

AssetImportParameters requested are different than current active one (requested -> active):
  custom:framework-win-MediaFoundation: 216162199b28c13a410421893ffa2e32 -> 
  custom:video-decoder-ogg-theora: a1e56fd34408186e4bbccfd4996cb3dc -> 
  custom:container-muxer-webm: aa71ff27fc2769a1b78a27578f13a17b -> 
  custom:container-demuxer-webm: 4f35f7cbe854078d1ac9338744f61a02 -> 
  custom:container-demuxer-ogg: 62fdf1f143b41e24485cea50d1cbac27 -> 
  custom:video-encoder-webm-vp8: eb34c28f22e8b96e1ab97ce403110664 -> 
  custom:video-decoder-webm-vp8: 9c59270c3fd7afecdb556c50c9e8de78 -> 
  custom:audio-decoder-ogg-vorbis: bf7c407c2cedff20999df2af8eb42d56 -> 
  custom:audio-encoder-webm-vorbis: bf7c407c2cedff20999df2af8eb42d56 -> 
========================================================================
Received Import Request.
  path: Assets/Art
  artifactKey: Guid(55b7eb58d29c42b4686d085a3a60c3c8) Importer(815301076,1909f56bfc062723c751e8b465ee728b)
Start importing Assets/Art using Guid(55b7eb58d29c42b4686d085a3a60c3c8) Importer(815301076,1909f56bfc062723c751e8b465ee728b)  -> (artifact id: 'b8625567effbd713ead3c0831f79b661') in 0.013663 seconds 
  Import took 0.019067 seconds .

========================================================================
Received Import Request.
  Time since last request: 2.278016 seconds.
  path: Assets/Scripes
  artifactKey: Guid(88cc14f59c97bcf45842b8314608334d) Importer(815301076,1909f56bfc062723c751e8b465ee728b)
Start importing Assets/Scripes using Guid(88cc14f59c97bcf45842b8314608334d) Importer(815301076,1909f56bfc062723c751e8b465ee728b)  -> (artifact id: '489cc5e6e01fad253f78ca45ba588d56') in 0.018080 seconds 
  Import took 0.024201 seconds .

========================================================================
Received Import Request.
  Time since last request: 6.569810 seconds.
  path: Assets/Models
  artifactKey: Guid(803f07ad404d44344b6ea3bcc187d5df) Importer(815301076,1909f56bfc062723c751e8b465ee728b)
Start importing Assets/Models using Guid(803f07ad404d44344b6ea3bcc187d5df) Importer(815301076,1909f56bfc062723c751e8b465ee728b)  -> (artifact id: 'd8bcef0b72d95904e7450989886d492e') in 0.015690 seconds 
  Import took 0.024289 seconds .

========================================================================
Received Import Request.
  Time since last request: 10.756185 seconds.
  path: Assets/Prefab
  artifactKey: Guid(0fb9e9fd1cdb3b74aa7ffb94e715ee68) Importer(815301076,1909f56bfc062723c751e8b465ee728b)
Start importing Assets/Prefab using Guid(0fb9e9fd1cdb3b74aa7ffb94e715ee68) Importer(815301076,1909f56bfc062723c751e8b465ee728b)  -> (artifact id: 'ca228c6bf9463356063cdb151d3cd548') in 0.010280 seconds 
  Import took 0.018469 seconds .

========================================================================
Received Import Request.
  Time since last request: 16.687028 seconds.
  path: Assets/Anime
  artifactKey: Guid(e30209563a3ee7d43aea552aec008ede) Importer(815301076,1909f56bfc062723c751e8b465ee728b)
Start importing Assets/Anime using Guid(e30209563a3ee7d43aea552aec008ede) Importer(815301076,1909f56bfc062723c751e8b465ee728b)  -> (artifact id: '792763aa57357380bc4b3468d49f3778') in 0.011340 seconds 
  Import took 0.016892 seconds .

========================================================================
Received Import Request.
  Time since last request: 6.843639 seconds.
  path: Assets/Shaders
  artifactKey: Guid(73e9f7a144c1d724993028554a0788ca) Importer(815301076,1909f56bfc062723c751e8b465ee728b)
Start importing Assets/Shaders using Guid(73e9f7a144c1d724993028554a0788ca) Importer(815301076,1909f56bfc062723c751e8b465ee728b)  -> (artifact id: '093df8e4e59bccbb016f3a965fc784b5') in 0.014202 seconds 
  Import took 0.019943 seconds .

========================================================================
Received Import Request.
  Time since last request: 15.820419 seconds.
  path: Assets/Shaders/UniversalRenderPipelineAsset.asset
  artifactKey: Guid(b9004e21ce61a3f47a6c1f5252806a6e) Importer(815301076,1909f56bfc062723c751e8b465ee728b)
Start importing Assets/Shaders/UniversalRenderPipelineAsset.asset using Guid(b9004e21ce61a3f47a6c1f5252806a6e) Importer(815301076,1909f56bfc062723c751e8b465ee728b)  -> (artifact id: 'ca7513dd1decacbcc60877976832797b') in 0.085267 seconds 
  Import took 0.092041 seconds .

========================================================================
Received Import Request.
  Time since last request: 0.000214 seconds.
  path: Assets/Shaders/UniversalRenderPipelineAsset_Renderer.asset
  artifactKey: Guid(161f46dc6d66747479e27601c6a3433a) Importer(815301076,1909f56bfc062723c751e8b465ee728b)
Start importing Assets/Shaders/UniversalRenderPipelineAsset_Renderer.asset using Guid(161f46dc6d66747479e27601c6a3433a) Importer(815301076,1909f56bfc062723c751e8b465ee728b)  -> (artifact id: 'ca3c3169e4f962499f437b0aa0482ab4') in 0.038303 seconds 
  Import took 0.047395 seconds .

========================================================================
Received Import Request.
  Time since last request: 181.749883 seconds.
  path: Assets/Scripes/Player
  artifactKey: Guid(2262170bbfcd3064fa2ecb434b613d50) Importer(815301076,1909f56bfc062723c751e8b465ee728b)
Start importing Assets/Scripes/Player using Guid(2262170bbfcd3064fa2ecb434b613d50) Importer(815301076,1909f56bfc062723c751e8b465ee728b)  -> (artifact id: 'd216e9f4c76d3784dcf30e5657de274d') in 0.014051 seconds 
  Import took 0.021946 seconds .

========================================================================
Received Prepare
Registering precompiled user dll's ...
Registered in 0.012646 seconds.
Begin MonoManager ReloadAssembly
Native extension for WindowsStandalone target not found
Native extension for OSXStandalone target not found
Native extension for WebGL target not found
Refreshing native plugins compatible for Editor in 0.76 ms, found 2 plugins.
Preloading 0 native plugins for Editor in 0.00 ms.
Mono: successfully reloaded assembly
- Completed reload, in  1.664 seconds
Domain Reload Profiling:
	ReloadAssembly (1665ms)
		BeginReloadAssembly (182ms)
			ExecutionOrderSort (0ms)
			DisableScriptedObjects (6ms)
			BackupInstance (0ms)
			ReleaseScriptingObjects (0ms)
			CreateAndSetChildDomain (48ms)
		EndReloadAssembly (1388ms)
			LoadAssemblies (162ms)
			RebuildTransferFunctionScriptingTraits (0ms)
			SetupTypeCache (582ms)
			ReleaseScriptCaches (2ms)
			RebuildScriptCaches (66ms)
			SetupLoadedEditorAssemblies (446ms)
				LogAssemblyErrors (0ms)
				InitializePlatformSupportModulesInManaged (11ms)
				SetLoadedEditorAssemblies (1ms)
				RefreshPlugins (1ms)
				BeforeProcessingInitializeOnLoad (140ms)
				ProcessInitializeOnLoadAttributes (262ms)
				ProcessInitializeOnLoadMethodAttributes (15ms)
				AfterProcessingInitializeOnLoad (16ms)
				EditorAssembliesLoaded (0ms)
			ExecutionOrderSort2 (0ms)
			AwakeInstancesAfterBackupRestoration (11ms)
Platform modules already initialized, skipping
Script is not up to date after domain reload: guid(70cf55b83e23ee34fb992ae8e6d362ec) path("Assets/Scripes/Player/PlayerCam.cs") state(2)
Refreshing native plugins compatible for Editor in 1.70 ms, found 2 plugins.
Preloading 0 native plugins for Editor in 0.00 ms.
Unloading 2699 Unused Serialized files (Serialized files now loaded: 0)
System memory in use before: 116.0 MB.
System memory in use after: 116.2 MB.

Unloading 15 unused Assets to reduce memory usage. Loaded Objects now: 3193.
Total: 5.097100 ms (FindLiveObjects: 0.244500 ms CreateObjectMapping: 0.128400 ms MarkObjects: 4.694700 ms  DeleteObjects: 0.028100 ms)

AssetImportParameters requested are different than current active one (requested -> active):
  custom:framework-win-MediaFoundation: 216162199b28c13a410421893ffa2e32 -> 
  custom:video-decoder-ogg-theora: a1e56fd34408186e4bbccfd4996cb3dc -> 
  custom:container-muxer-webm: aa71ff27fc2769a1b78a27578f13a17b -> 
  custom:container-demuxer-webm: 4f35f7cbe854078d1ac9338744f61a02 -> 
  custom:container-demuxer-ogg: 62fdf1f143b41e24485cea50d1cbac27 -> 
  custom:video-encoder-webm-vp8: eb34c28f22e8b96e1ab97ce403110664 -> 
  custom:video-decoder-webm-vp8: 9c59270c3fd7afecdb556c50c9e8de78 -> 
  custom:audio-decoder-ogg-vorbis: bf7c407c2cedff20999df2af8eb42d56 -> 
  custom:audio-encoder-webm-vorbis: bf7c407c2cedff20999df2af8eb42d56 -> 
========================================================================
Received Prepare
Registering precompiled user dll's ...
Registered in 0.011321 seconds.
Begin MonoManager ReloadAssembly
Native extension for WindowsStandalone target not found
Native extension for OSXStandalone target not found
Native extension for WebGL target not found
Refreshing native plugins compatible for Editor in 0.66 ms, found 2 plugins.
Preloading 0 native plugins for Editor in 0.00 ms.
Mono: successfully reloaded assembly
- Completed reload, in  1.542 seconds
Domain Reload Profiling:
	ReloadAssembly (1543ms)
		BeginReloadAssembly (260ms)
			ExecutionOrderSort (0ms)
			DisableScriptedObjects (5ms)
			BackupInstance (0ms)
			ReleaseScriptingObjects (0ms)
			CreateAndSetChildDomain (45ms)
		EndReloadAssembly (1186ms)
			LoadAssemblies (254ms)
			RebuildTransferFunctionScriptingTraits (0ms)
			SetupTypeCache (429ms)
			ReleaseScriptCaches (2ms)
			RebuildScriptCaches (62ms)
			SetupLoadedEditorAssemblies (423ms)
				LogAssemblyErrors (0ms)
				InitializePlatformSupportModulesInManaged (9ms)
				SetLoadedEditorAssemblies (1ms)
				RefreshPlugins (1ms)
				BeforeProcessingInitializeOnLoad (139ms)
				ProcessInitializeOnLoadAttributes (246ms)
				ProcessInitializeOnLoadMethodAttributes (12ms)
				AfterProcessingInitializeOnLoad (15ms)
				EditorAssembliesLoaded (0ms)
			ExecutionOrderSort2 (0ms)
			AwakeInstancesAfterBackupRestoration (10ms)
Platform modules already initialized, skipping
Refreshing native plugins compatible for Editor in 0.74 ms, found 2 plugins.
Preloading 0 native plugins for Editor in 0.00 ms.
Unloading 2700 Unused Serialized files (Serialized files now loaded: 0)
System memory in use before: 116.1 MB.
System memory in use after: 116.3 MB.

Unloading 15 unused Assets to reduce memory usage. Loaded Objects now: 3196.
Total: 4.520600 ms (FindLiveObjects: 0.521300 ms CreateObjectMapping: 0.281500 ms MarkObjects: 3.685200 ms  DeleteObjects: 0.031300 ms)

AssetImportParameters requested are different than current active one (requested -> active):
  custom:framework-win-MediaFoundation: 216162199b28c13a410421893ffa2e32 -> 
  custom:video-decoder-ogg-theora: a1e56fd34408186e4bbccfd4996cb3dc -> 
  custom:container-muxer-webm: aa71ff27fc2769a1b78a27578f13a17b -> 
  custom:container-demuxer-webm: 4f35f7cbe854078d1ac9338744f61a02 -> 
  custom:container-demuxer-ogg: 62fdf1f143b41e24485cea50d1cbac27 -> 
  custom:video-encoder-webm-vp8: eb34c28f22e8b96e1ab97ce403110664 -> 
  custom:video-decoder-webm-vp8: 9c59270c3fd7afecdb556c50c9e8de78 -> 
  custom:audio-decoder-ogg-vorbis: bf7c407c2cedff20999df2af8eb42d56 -> 
  custom:audio-encoder-webm-vorbis: bf7c407c2cedff20999df2af8eb42d56 -> 
========================================================================
Received Import Request.
  Time since last request: 53.547825 seconds.
  path: Assets/Prefab/Player.prefab
  artifactKey: Guid(e1406985761f06a4694dd6c52aed6b75) Importer(815301076,1909f56bfc062723c751e8b465ee728b)
Start importing Assets/Prefab/Player.prefab using Guid(e1406985761f06a4694dd6c52aed6b75) Importer(815301076,1909f56bfc062723c751e8b465ee728b)  -> (artifact id: 'ef7639704e18ba0d8828f8cfd1e314c1') in 0.112138 seconds 
  Import took 0.119060 seconds .

========================================================================
Received Import Request.
  Time since last request: 76.838142 seconds.
  path: ProjectSettings/TagManager.asset
  artifactKey: Guid(00000000000000003000000000000000) Importer(815301076,1909f56bfc062723c751e8b465ee728b)
Start importing ProjectSettings/TagManager.asset using Guid(00000000000000003000000000000000) Importer(815301076,1909f56bfc062723c751e8b465ee728b)  -> (artifact id: 'ce6a35c3cddc746e7501c0bd0ed6d4ce') in 0.012381 seconds 
  Import took 0.020303 seconds .

========================================================================
Received Import Request.
  Time since last request: 55.169442 seconds.
  path: Assets/Scripes/Player/PlayerMoveMent.cs
  artifactKey: Guid(b6a85adc085aca44796ce11c40f518e3) Importer(815301076,1909f56bfc062723c751e8b465ee728b)
Start importing Assets/Scripes/Player/PlayerMoveMent.cs using Guid(b6a85adc085aca44796ce11c40f518e3) Importer(815301076,1909f56bfc062723c751e8b465ee728b)  -> (artifact id: 'db1e764356d604d61bdea92307e1c927') in 0.014528 seconds 
  Import took 0.020521 seconds .

========================================================================
Received Import Request.
  Time since last request: 2.650419 seconds.
  path: Assets/Scripes/Player/PlayerCam.cs
  artifactKey: Guid(70cf55b83e23ee34fb992ae8e6d362ec) Importer(815301076,1909f56bfc062723c751e8b465ee728b)
Start importing Assets/Scripes/Player/PlayerCam.cs using Guid(70cf55b83e23ee34fb992ae8e6d362ec) Importer(815301076,1909f56bfc062723c751e8b465ee728b)  -> (artifact id: 'edf477e559686f69576d7653e24cedcd') in 0.013135 seconds 
  Import took 0.019054 seconds .

========================================================================
Received Import Request.
  Time since last request: 82.361806 seconds.
  path: Assets/Prefab/Player.prefab
  artifactKey: Guid(e1406985761f06a4694dd6c52aed6b75) Importer(815301076,1909f56bfc062723c751e8b465ee728b)
Start importing Assets/Prefab/Player.prefab using Guid(e1406985761f06a4694dd6c52aed6b75) Importer(815301076,1909f56bfc062723c751e8b465ee728b)  -> (artifact id: '531cce1f42367aab0a231249c58af761') in 0.015597 seconds 
  Import took 0.021361 seconds .

========================================================================
Received Prepare
Registering precompiled user dll's ...
Registered in 0.031462 seconds.
Begin MonoManager ReloadAssembly
Native extension for WindowsStandalone target not found
Native extension for OSXStandalone target not found
Native extension for WebGL target not found
Refreshing native plugins compatible for Editor in 0.65 ms, found 2 plugins.
Preloading 0 native plugins for Editor in 0.00 ms.
Mono: successfully reloaded assembly
- Completed reload, in  2.169 seconds
Domain Reload Profiling:
	ReloadAssembly (2170ms)
		BeginReloadAssembly (222ms)
			ExecutionOrderSort (0ms)
			DisableScriptedObjects (6ms)
			BackupInstance (0ms)
			ReleaseScriptingObjects (0ms)
			CreateAndSetChildDomain (65ms)
		EndReloadAssembly (1842ms)
			LoadAssemblies (354ms)
			RebuildTransferFunctionScriptingTraits (0ms)
			SetupTypeCache (655ms)
			ReleaseScriptCaches (3ms)
			RebuildScriptCaches (167ms)
			SetupLoadedEditorAssemblies (507ms)
				LogAssemblyErrors (0ms)
				InitializePlatformSupportModulesInManaged (11ms)
				SetLoadedEditorAssemblies (1ms)
				RefreshPlugins (1ms)
				BeforeProcessingInitializeOnLoad (221ms)
				ProcessInitializeOnLoadAttributes (244ms)
				ProcessInitializeOnLoadMethodAttributes (14ms)
				AfterProcessingInitializeOnLoad (16ms)
				EditorAssembliesLoaded (0ms)
			ExecutionOrderSort2 (0ms)
			AwakeInstancesAfterBackupRestoration (10ms)
Platform modules already initialized, skipping
Refreshing native plugins compatible for Editor in 0.62 ms, found 2 plugins.
Preloading 0 native plugins for Editor in 0.00 ms.
Unloading 2699 Unused Serialized files (Serialized files now loaded: 0)
System memory in use before: 119.1 MB.
System memory in use after: 119.3 MB.

Unloading 16 unused Assets to reduce memory usage. Loaded Objects now: 3206.
Total: 4.440700 ms (FindLiveObjects: 0.313900 ms CreateObjectMapping: 0.136800 ms MarkObjects: 3.946600 ms  DeleteObjects: 0.031300 ms)

AssetImportParameters requested are different than current active one (requested -> active):
  custom:framework-win-MediaFoundation: 216162199b28c13a410421893ffa2e32 -> 
  custom:video-decoder-ogg-theora: a1e56fd34408186e4bbccfd4996cb3dc -> 
  custom:container-muxer-webm: aa71ff27fc2769a1b78a27578f13a17b -> 
  custom:container-demuxer-webm: 4f35f7cbe854078d1ac9338744f61a02 -> 
  custom:container-demuxer-ogg: 62fdf1f143b41e24485cea50d1cbac27 -> 
  custom:video-encoder-webm-vp8: eb34c28f22e8b96e1ab97ce403110664 -> 
  custom:video-decoder-webm-vp8: 9c59270c3fd7afecdb556c50c9e8de78 -> 
  custom:audio-decoder-ogg-vorbis: bf7c407c2cedff20999df2af8eb42d56 -> 
  custom:audio-encoder-webm-vorbis: bf7c407c2cedff20999df2af8eb42d56 -> 
========================================================================
Received Prepare
Registering precompiled user dll's ...
Registered in 0.030220 seconds.
Begin MonoManager ReloadAssembly
Native extension for WindowsStandalone target not found
Native extension for OSXStandalone target not found
Native extension for WebGL target not found
Refreshing native plugins compatible for Editor in 0.65 ms, found 2 plugins.
Preloading 0 native plugins for Editor in 0.00 ms.
Mono: successfully reloaded assembly
- Completed reload, in  1.484 seconds
Domain Reload Profiling:
	ReloadAssembly (1485ms)
		BeginReloadAssembly (182ms)
			ExecutionOrderSort (0ms)
			DisableScriptedObjects (6ms)
			BackupInstance (0ms)
			ReleaseScriptingObjects (0ms)
			CreateAndSetChildDomain (48ms)
		EndReloadAssembly (1210ms)
			LoadAssemblies (161ms)
			RebuildTransferFunctionScriptingTraits (0ms)
			SetupTypeCache (460ms)
			ReleaseScriptCaches (2ms)
			RebuildScriptCaches (61ms)
			SetupLoadedEditorAssemblies (433ms)
				LogAssemblyErrors (0ms)
				InitializePlatformSupportModulesInManaged (9ms)
				SetLoadedEditorAssemblies (1ms)
				RefreshPlugins (1ms)
				BeforeProcessingInitializeOnLoad (142ms)
				ProcessInitializeOnLoadAttributes (240ms)
				ProcessInitializeOnLoadMethodAttributes (20ms)
				AfterProcessingInitializeOnLoad (20ms)
				EditorAssembliesLoaded (0ms)
			ExecutionOrderSort2 (0ms)
			AwakeInstancesAfterBackupRestoration (9ms)
Platform modules already initialized, skipping
Refreshing native plugins compatible for Editor in 0.66 ms, found 2 plugins.
Preloading 0 native plugins for Editor in 0.00 ms.
Unloading 2700 Unused Serialized files (Serialized files now loaded: 0)
System memory in use before: 119.1 MB.
System memory in use after: 119.4 MB.

Unloading 15 unused Assets to reduce memory usage. Loaded Objects now: 3208.
Total: 4.184500 ms (FindLiveObjects: 0.348000 ms CreateObjectMapping: 0.273800 ms MarkObjects: 3.521800 ms  DeleteObjects: 0.039800 ms)

AssetImportParameters requested are different than current active one (requested -> active):
  custom:framework-win-MediaFoundation: 216162199b28c13a410421893ffa2e32 -> 
  custom:video-decoder-ogg-theora: a1e56fd34408186e4bbccfd4996cb3dc -> 
  custom:container-muxer-webm: aa71ff27fc2769a1b78a27578f13a17b -> 
  custom:container-demuxer-webm: 4f35f7cbe854078d1ac9338744f61a02 -> 
  custom:container-demuxer-ogg: 62fdf1f143b41e24485cea50d1cbac27 -> 
  custom:video-encoder-webm-vp8: eb34c28f22e8b96e1ab97ce403110664 -> 
  custom:video-decoder-webm-vp8: 9c59270c3fd7afecdb556c50c9e8de78 -> 
  custom:audio-decoder-ogg-vorbis: bf7c407c2cedff20999df2af8eb42d56 -> 
  custom:audio-encoder-webm-vorbis: bf7c407c2cedff20999df2af8eb42d56 -> 
========================================================================
Received Import Request.
  Time since last request: 170.083575 seconds.
  path: Assets/Prefab/Player.prefab
  artifactKey: Guid(e1406985761f06a4694dd6c52aed6b75) Importer(815301076,1909f56bfc062723c751e8b465ee728b)
Start importing Assets/Prefab/Player.prefab using Guid(e1406985761f06a4694dd6c52aed6b75) Importer(815301076,1909f56bfc062723c751e8b465ee728b)  -> (artifact id: '7e45b2debaa2109e7e37e2e4dacfc9ed') in 0.098146 seconds 
  Import took 0.104232 seconds .

========================================================================
Received Import Request.
  Time since last request: 22.084492 seconds.
  path: Assets/Prefab/Player.prefab
  artifactKey: Guid(e1406985761f06a4694dd6c52aed6b75) Importer(815301076,1909f56bfc062723c751e8b465ee728b)
Start importing Assets/Prefab/Player.prefab using Guid(e1406985761f06a4694dd6c52aed6b75) Importer(815301076,1909f56bfc062723c751e8b465ee728b)  -> (artifact id: '9e697d03a75885c5de211fc3cfaf549d') in 0.032551 seconds 
  Import took 0.040484 seconds .

========================================================================
Received Prepare
Registering precompiled user dll's ...
Registered in 0.009821 seconds.
Begin MonoManager ReloadAssembly
Native extension for WindowsStandalone target not found
Native extension for OSXStandalone target not found
Native extension for WebGL target not found
Refreshing native plugins compatible for Editor in 0.66 ms, found 2 plugins.
Preloading 0 native plugins for Editor in 0.00 ms.
Mono: successfully reloaded assembly
- Completed reload, in  1.396 seconds
Domain Reload Profiling:
	ReloadAssembly (1397ms)
		BeginReloadAssembly (168ms)
			ExecutionOrderSort (0ms)
			DisableScriptedObjects (5ms)
			BackupInstance (0ms)
			ReleaseScriptingObjects (0ms)
			CreateAndSetChildDomain (47ms)
		EndReloadAssembly (1140ms)
			LoadAssemblies (153ms)
			RebuildTransferFunctionScriptingTraits (0ms)
			SetupTypeCache (419ms)
			ReleaseScriptCaches (4ms)
			RebuildScriptCaches (68ms)
			SetupLoadedEditorAssemblies (400ms)
				LogAssemblyErrors (0ms)
				InitializePlatformSupportModulesInManaged (8ms)
				SetLoadedEditorAssemblies (1ms)
				RefreshPlugins (1ms)
				BeforeProcessingInitializeOnLoad (129ms)
				ProcessInitializeOnLoadAttributes (234ms)
				ProcessInitializeOnLoadMethodAttributes (11ms)
				AfterProcessingInitializeOnLoad (16ms)
				EditorAssembliesLoaded (0ms)
			ExecutionOrderSort2 (0ms)
			AwakeInstancesAfterBackupRestoration (8ms)
Platform modules already initialized, skipping
Switching render pipeline 00000000000000000000000000000000 -> b9004e21ce61a3f47a6c1f5252806a6e
Refreshing native plugins compatible for Editor in 0.68 ms, found 2 plugins.
Preloading 0 native plugins for Editor in 0.00 ms.
Unloading 2748 Unused Serialized files (Serialized files now loaded: 0)
System memory in use before: 123.8 MB.
System memory in use after: 124.0 MB.

Unloading 15 unused Assets to reduce memory usage. Loaded Objects now: 3259.
Total: 4.008200 ms (FindLiveObjects: 0.345700 ms CreateObjectMapping: 0.266500 ms MarkObjects: 3.348100 ms  DeleteObjects: 0.047100 ms)

AssetImportParameters requested are different than current active one (requested -> active):
  custom:framework-win-MediaFoundation: 216162199b28c13a410421893ffa2e32 -> 
  custom:video-decoder-ogg-theora: a1e56fd34408186e4bbccfd4996cb3dc -> 
  custom:container-muxer-webm: aa71ff27fc2769a1b78a27578f13a17b -> 
  custom:container-demuxer-webm: 4f35f7cbe854078d1ac9338744f61a02 -> 
  custom:container-demuxer-ogg: 62fdf1f143b41e24485cea50d1cbac27 -> 
  custom:video-encoder-webm-vp8: eb34c28f22e8b96e1ab97ce403110664 -> 
  custom:video-decoder-webm-vp8: 9c59270c3fd7afecdb556c50c9e8de78 -> 
  custom:audio-decoder-ogg-vorbis: bf7c407c2cedff20999df2af8eb42d56 -> 
  custom:audio-encoder-webm-vorbis: bf7c407c2cedff20999df2af8eb42d56 -> 
========================================================================
Received Import Request.
  Time since last request: 489.897049 seconds.
  path: Assets/Art/New Material.mat
  artifactKey: Guid(f1be3b00b0935724b9401ea6dccc601c) Importer(815301076,1909f56bfc062723c751e8b465ee728b)
Start importing Assets/Art/New Material.mat using Guid(f1be3b00b0935724b9401ea6dccc601c) Importer(815301076,1909f56bfc062723c751e8b465ee728b)  -> (artifact id: '8b5aec6dd540ad805f6f0f8abb30e266') in 0.314203 seconds 
  Import took 0.320212 seconds .

========================================================================
Received Import Request.
  Time since last request: 66.788987 seconds.
  path: Assets/Art/New Material 1.mat
  artifactKey: Guid(4fc7fe42c790a4f4d9f927ef70e51952) Importer(815301076,1909f56bfc062723c751e8b465ee728b)
Start importing Assets/Art/New Material 1.mat using Guid(4fc7fe42c790a4f4d9f927ef70e51952) Importer(815301076,1909f56bfc062723c751e8b465ee728b)  -> (artifact id: 'a4d4fe2716eabea8433da3e3433e29ae') in 0.025639 seconds 
  Import took 0.032201 seconds .

========================================================================
Received Import Request.
  Time since last request: 0.077108 seconds.
  path: Assets/Art/New Material 1.mat
  artifactKey: Guid(4fc7fe42c790a4f4d9f927ef70e51952) Importer(815301076,1909f56bfc062723c751e8b465ee728b)
Start importing Assets/Art/New Material 1.mat using Guid(4fc7fe42c790a4f4d9f927ef70e51952) Importer(815301076,1909f56bfc062723c751e8b465ee728b)  -> (artifact id: '4a4679d8d64d99de275a76d37c712194') in 0.015622 seconds 
  Import took 0.023215 seconds .

========================================================================
Received Import Request.
  Time since last request: 0.000353 seconds.
  path: Assets/Art/New Material.mat
  artifactKey: Guid(f1be3b00b0935724b9401ea6dccc601c) Importer(815301076,1909f56bfc062723c751e8b465ee728b)
Start importing Assets/Art/New Material.mat using Guid(f1be3b00b0935724b9401ea6dccc601c) Importer(815301076,1909f56bfc062723c751e8b465ee728b)  -> (artifact id: 'f4fd0713e64af13a49b77b51f603a6a4') in 0.025052 seconds 
  Import took 0.038095 seconds .

========================================================================
Received Import Request.
  Time since last request: 94.395117 seconds.
  path: Assets/Scenes
  artifactKey: Guid(3bd30addafad8f549bd73cf25da55dba) Importer(815301076,1909f56bfc062723c751e8b465ee728b)
Start importing Assets/Scenes using Guid(3bd30addafad8f549bd73cf25da55dba) Importer(815301076,1909f56bfc062723c751e8b465ee728b)  -> (artifact id: 'eb230d4e3d190621999c1210655c0970') in 0.011663 seconds 
  Import took 0.017657 seconds .

========================================================================
Received Import Request.
  Time since last request: 0.807287 seconds.
  path: Assets/Scenes/SampleScene.unity
  artifactKey: Guid(9fc0d4010bbf28b4594072e72b8655ab) Importer(815301076,1909f56bfc062723c751e8b465ee728b)
Start importing Assets/Scenes/SampleScene.unity using Guid(9fc0d4010bbf28b4594072e72b8655ab) Importer(815301076,1909f56bfc062723c751e8b465ee728b)  -> (artifact id: '411a9a582c03fa1165d7c2990efa76d8') in 0.012514 seconds 
  Import took 0.019191 seconds .

========================================================================
Received Import Request.
  Time since last request: 10.486386 seconds.
  path: Assets/Scenes/Map 1.unity
  artifactKey: Guid(9fc0d4010bbf28b4594072e72b8655ab) Importer(815301076,1909f56bfc062723c751e8b465ee728b)
Start importing Assets/Scenes/Map 1.unity using Guid(9fc0d4010bbf28b4594072e72b8655ab) Importer(815301076,1909f56bfc062723c751e8b465ee728b)  -> (artifact id: '08d7f5d4f342b6d1ad3e56ba4a1fce5a') in 0.023587 seconds 
  Import took 0.030090 seconds .

========================================================================
Received Import Request.
  Time since last request: 6.832482 seconds.
  path: Assets/Scenes/SampleScene
  artifactKey: Guid(c2c62bf72d07ea9469c3954bafc21bfa) Importer(815301076,1909f56bfc062723c751e8b465ee728b)
Start importing Assets/Scenes/SampleScene using Guid(c2c62bf72d07ea9469c3954bafc21bfa) Importer(815301076,1909f56bfc062723c751e8b465ee728b)  -> (artifact id: '5ddafc5fab2cb589a48d59c422c7938e') in 0.011295 seconds 
  Import took 0.016910 seconds .

========================================================================
Received Import Request.
  Time since last request: 73.351585 seconds.
  path: Assets/Art/New Material 1.mat
  artifactKey: Guid(4fc7fe42c790a4f4d9f927ef70e51952) Importer(815301076,1909f56bfc062723c751e8b465ee728b)
Start importing Assets/Art/New Material 1.mat using Guid(4fc7fe42c790a4f4d9f927ef70e51952) Importer(815301076,1909f56bfc062723c751e8b465ee728b)  -> (artifact id: 'bd23e46ff854ccf9f3731c5c1dd9c914') in 0.016142 seconds 
  Import took 0.022388 seconds .

========================================================================
Received Import Request.
  Time since last request: 20.952358 seconds.
  path: Assets/Shaders/UniversalRenderPipelineAsset.asset
  artifactKey: Guid(b9004e21ce61a3f47a6c1f5252806a6e) Importer(815301076,1909f56bfc062723c751e8b465ee728b)
Start importing Assets/Shaders/UniversalRenderPipelineAsset.asset using Guid(b9004e21ce61a3f47a6c1f5252806a6e) Importer(815301076,1909f56bfc062723c751e8b465ee728b)  -> (artifact id: 'fe8ffc08e5b2f001a1713ce305d28f26') in 0.008346 seconds 
  Import took 0.016416 seconds .

========================================================================
Received Import Request.
  Time since last request: 0.000230 seconds.
  path: Assets/Shaders/UniversalRenderPipelineAsset_Renderer.asset
  artifactKey: Guid(161f46dc6d66747479e27601c6a3433a) Importer(815301076,1909f56bfc062723c751e8b465ee728b)
Start importing Assets/Shaders/UniversalRenderPipelineAsset_Renderer.asset using Guid(161f46dc6d66747479e27601c6a3433a) Importer(815301076,1909f56bfc062723c751e8b465ee728b)  -> (artifact id: '1cff45dc698466cbea8578d5d5165f6f') in 0.013239 seconds 
  Import took 0.019914 seconds .

========================================================================
Received Import Request.
  Time since last request: 4.397957 seconds.
  path: Assets/Prefab/Player.prefab
  artifactKey: Guid(e1406985761f06a4694dd6c52aed6b75) Importer(815301076,1909f56bfc062723c751e8b465ee728b)
Start importing Assets/Prefab/Player.prefab using Guid(e1406985761f06a4694dd6c52aed6b75) Importer(815301076,1909f56bfc062723c751e8b465ee728b)  -> (artifact id: 'd78aba799e1e85897d4cd135e74cfd7f') in 0.034985 seconds 
  Import took 0.042415 seconds .

========================================================================
Received Import Request.
  Time since last request: 13.960141 seconds.
  path: Assets/Prefab/Player.prefab
  artifactKey: Guid(e1406985761f06a4694dd6c52aed6b75) Importer(815301076,1909f56bfc062723c751e8b465ee728b)
Start importing Assets/Prefab/Player.prefab using Guid(e1406985761f06a4694dd6c52aed6b75) Importer(815301076,1909f56bfc062723c751e8b465ee728b)  -> (artifact id: '62c411874585e268d7be650394c355ad') in 0.026410 seconds 
  Import took 0.032893 seconds .

========================================================================
Received Import Request.
  Time since last request: 162.072795 seconds.
  path: Assets/Prefab/Player.prefab
  artifactKey: Guid(e1406985761f06a4694dd6c52aed6b75) Importer(815301076,1909f56bfc062723c751e8b465ee728b)
Start importing Assets/Prefab/Player.prefab using Guid(e1406985761f06a4694dd6c52aed6b75) Importer(815301076,1909f56bfc062723c751e8b465ee728b)  -> (artifact id: '4588e8d547c2b497ce0a222eab8dc7bd') in 0.023830 seconds 
  Import took 0.033006 seconds .

========================================================================
Received Import Request.
  Time since last request: 126.056577 seconds.
  path: Assets/Scenes/Map 1.unity
  artifactKey: Guid(9fc0d4010bbf28b4594072e72b8655ab) Importer(815301076,1909f56bfc062723c751e8b465ee728b)
Start importing Assets/Scenes/Map 1.unity using Guid(9fc0d4010bbf28b4594072e72b8655ab) Importer(815301076,1909f56bfc062723c751e8b465ee728b)  -> (artifact id: '959975ec0e3b3b0639dc2644731387b1') in 0.007321 seconds 
  Import took 0.014873 seconds .

========================================================================
Received Import Request.
  Time since last request: 4.395262 seconds.
  path: Assets/Scenes/Map 1
  artifactKey: Guid(f8cfd29b3246fca40a79ece685fa9249) Importer(815301076,1909f56bfc062723c751e8b465ee728b)
Start importing Assets/Scenes/Map 1 using Guid(f8cfd29b3246fca40a79ece685fa9249) Importer(815301076,1909f56bfc062723c751e8b465ee728b)  -> (artifact id: '035d8c388491e8c62b323fcac18fb412') in 0.015017 seconds 
  Import took 0.021501 seconds .

========================================================================
Received Import Request.
  Time since last request: 0.022340 seconds.
  path: Assets/Scenes/Map 1/Global Volume Profile.asset
  artifactKey: Guid(234406527e6762d419f8be92ba73dd48) Importer(815301076,1909f56bfc062723c751e8b465ee728b)
Start importing Assets/Scenes/Map 1/Global Volume Profile.asset using Guid(234406527e6762d419f8be92ba73dd48) Importer(815301076,1909f56bfc062723c751e8b465ee728b)  -> (artifact id: '03fdebaf59819c95b44d1f22bcc9f733') in 0.012828 seconds 
  Import took 0.020725 seconds .

========================================================================
Received Import Request.
  Time since last request: 2.549821 seconds.
  path: Assets/Scenes/SampleScene/Global Volume Profile.asset
  artifactKey: Guid(0317c4688d1853340b7b7e8de7e79dc3) Importer(815301076,1909f56bfc062723c751e8b465ee728b)
Start importing Assets/Scenes/SampleScene/Global Volume Profile.asset using Guid(0317c4688d1853340b7b7e8de7e79dc3) Importer(815301076,1909f56bfc062723c751e8b465ee728b)  -> (artifact id: 'b4a5c249892c473e4990e13675ab3c87') in 0.005015 seconds 
  Import took 0.011299 seconds .

========================================================================
Received Import Request.
  Time since last request: 14.228833 seconds.
  path: Assets/Scenes/Test.unity
  artifactKey: Guid(28759ebbee421854c904fbca8ff1cc73) Importer(815301076,1909f56bfc062723c751e8b465ee728b)
Start importing Assets/Scenes/Test.unity using Guid(28759ebbee421854c904fbca8ff1cc73) Importer(815301076,1909f56bfc062723c751e8b465ee728b)  -> (artifact id: '0be58b46aea61ec5a3ab02576a878507') in 0.011311 seconds 
  Import took 0.019948 seconds .

========================================================================
Received Import Request.
  Time since last request: 20.088668 seconds.
  path: Assets/Scenes/Test.unity
  artifactKey: Guid(28759ebbee421854c904fbca8ff1cc73) Importer(815301076,1909f56bfc062723c751e8b465ee728b)
Start importing Assets/Scenes/Test.unity using Guid(28759ebbee421854c904fbca8ff1cc73) Importer(815301076,1909f56bfc062723c751e8b465ee728b)  -> (artifact id: '1e00aa7c82f7e064474e139e3e11cfd6') in 0.005685 seconds 
  Import took 0.015466 seconds .

AssetImportWorkerClient::OnTransportError - code=2 error=End of file
